<?xml version="1.0" encoding="UTF-8"?>
<!-- Generated by org.testng.reporters.JUnitReportReporter -->
<testsuite hostname="DESKTOP-5NKPDT3" failures="0" tests="1" name="Maven_Two.Class_Three" time="15.325" errors="0" timestamp="2024-05-15T22:43:55 IST" skipped="0">
  <testcase classname="Maven_Two.Class_Three" name="Open_browser_Three" time="15.325"/>
  <system-out/>
</testsuite> <!-- Maven_Two.Class_Three -->
