<?xml version="1.0" encoding="UTF-8"?>
<!-- Generated by org.testng.reporters.JUnitReportReporter -->
<testsuite hostname="DESKTOP-5NKPDT3" failures="0" tests="1" name="Selenium.Browser_Open" time="13.525" errors="0" timestamp="2024-05-15T22:43:55 IST" skipped="0">
  <testcase classname="Selenium.Browser_Open" name="Open_browser" time="13.525"/>
  <system-out/>
</testsuite> <!-- Selenium.Browser_Open -->
