<?xml version="1.0" encoding="UTF-8"?>
<!-- Generated by org.testng.reporters.JUnitReportReporter -->
<testsuite hostname="DESKTOP-5NKPDT3" failures="0" tests="1" name="Maven_One.Class_two" time="14.771" errors="0" timestamp="2024-05-15T22:43:55 IST" skipped="0">
  <testcase classname="Maven_One.Class_two" name="Open_browser_Two" time="14.771"/>
  <system-out/>
</testsuite> <!-- Maven_One.Class_two -->
