<?xml version="1.0" encoding="UTF-8"?>
<!-- Generated by org.testng.reporters.JUnitReportReporter -->
<testsuite hostname="DESKTOP-5NKPDT3" failures="0" tests="4" name="Test_NG.Test_NG_annotations" time="15.863" errors="0" timestamp="2024-05-15T22:43:55 IST" skipped="0">
  <testcase classname="Test_NG.Test_NG_annotations" name="Open_Browser_Four" time="4.100"/>
  <system-out/>
  <testcase classname="Test_NG.Test_NG_annotations" name="Open_Browser_Five" time="4.234"/>
  <system-out/>
  <testcase classname="Test_NG.Test_NG_annotations" name="Open_Browser_Two" time="4.020"/>
  <system-out/>
  <testcase classname="Test_NG.Test_NG_annotations" name="Open_Browser_One" time="3.509"/>
  <system-out/>
</testsuite> <!-- Test_NG.Test_NG_annotations -->
