<?xml version="1.0" encoding="UTF-8"?>
<!-- Generated by org.testng.reporters.JUnitReportReporter -->
<testsuite hostname="DESKTOP-5NKPDT3" failures="0" tests="1" name="Selenium.Screen_Shot" time="4.464" errors="0" timestamp="2024-05-15T23:02:22 IST" skipped="0">
  <testcase classname="Selenium.Screen_Shot" name="Open_browser" time="4.464"/>
  <system-out/>
</testsuite> <!-- Selenium.Screen_Shot -->
