<?xml version="1.0" encoding="UTF-8"?>
<!-- Generated by org.testng.reporters.JUnitReportReporter -->
<testsuite hostname="DESKTOP-5NKPDT3" failures="0" tests="1" name="Maven_One.Class_One" time="15.053" errors="0" timestamp="2024-05-15T22:43:55 IST" skipped="0">
  <testcase classname="Maven_One.Class_One" name="Open_browser_One" time="15.053"/>
  <system-out/>
</testsuite> <!-- Maven_One.Class_One -->
